*** Starting uWSGI 2.0.14 (64bit) on [Wed Jan 25 10:29:56 2017] ***
compiled with version: 5.4.0 20160609 on 25 January 2017 10:06:14
os: Linux-4.4.0-53-generic #74-Ubuntu SMP Fri Dec 2 15:59:10 UTC 2016
nodename: VM-96-185-ubuntu
machine: x86_64
clock source: unix
detected number of CPU cores: 1
current working directory: /home/nagizero/alter_vision
detected binary path: /home/nagizero/.local/bin/uwsgi
!!! no internal routing support, rebuild with pcre support !!!
*** WARNING: you are running uWSGI without its master process manager ***
your processes number limit is 3308
your memory page size is 4096 bytes
detected max file descriptor number: 1024
lock engine: pthread robust mutexes
thunder lock: disabled (you can enable it with --thunder-lock)
uWSGI http bound on :8000 fd 4
spawned uWSGI http 1 (pid: 24199)
uwsgi socket 0 bound to TCP address 127.0.0.1:45160 (port auto-assigned) fd 3
Python version: 2.7.12 (default, Nov 19 2016, 06:48:10)  [GCC 5.4.0 20160609]
Python main interpreter initialized at 0x1d4cb30
python threads support enabled
your server socket listen backlog is limited to 100 connections
your mercy for graceful operations on workers is 60 seconds
mapped 72760 bytes (71 KB) for 1 cores
*** Operational MODE: single process ***
WSGI app 0 (mountpoint='') ready in 0 seconds on interpreter 0x1d4cb30 pid: 24198 (default app)
*** uWSGI is running in multiple interpreter mode ***
spawned uWSGI worker 1 (and the only) (pid: 24198, cores: 1)
[2017-01-25 02:30:03] [INFO] QQBot-v2.0.4
[2017-01-25 02:30:03] [INFO] 配置完成
[2017-01-25 02:30:03] [INFO] 用户名： 无
[2017-01-25 02:30:03] [INFO] 登录方式：手动
[2017-01-25 02:30:03] [INFO] 命令行服务器端口号：8188
[2017-01-25 02:30:03] [INFO] HTTP 服务器 ip ：无
[2017-01-25 02:30:03] [INFO] HTTP 服务器端口号：无
[2017-01-25 02:30:03] [INFO] 用于接收二维码的邮箱账号：2569375308@qq.com
[2017-01-25 02:30:03] [INFO] 邮箱服务授权码：******
[2017-01-25 02:30:03] [INFO] 调试模式：关闭
[2017-01-25 02:30:03] [INFO] 掉线后自动重启：是
[pid: 24198|app: 0|req: 1/1] 112.101.115.27 () {34 vars in 647 bytes} [Wed Jan 25 02:30:03 2017] GET /alter_vision/start => generated 8 bytes in 68 msecs (HTTP/1.1 200) 2 headers in 88 bytes (1 switches on core 0)
[2017-01-25 02:30:03] [INFO] 开始手动登录...
[2017-01-25 02:30:04] [INFO] 登录 Step1 - 获取二维码
[2017-01-25 02:30:04] [WARNING] 无法弹出二维码图片 file:///home/nagizero/.qqbot-tmp/848c67fda84c45348a03adf08f760867.png 。[Errno 2] No such file or directory
[2017-01-25 02:30:05] [INFO] 已将二维码发送至邮箱2569375308@qq.com
[2017-01-25 02:30:08] [INFO] 登录 Step2 - 等待二维码扫描及授权
[2017-01-25 02:30:11] [INFO] 登录 Step2 - 等待二维码扫描及授权
[2017-01-25 02:30:14] [INFO] 登录 Step2 - 等待二维码扫描及授权
[2017-01-25 02:30:17] [INFO] 登录 Step2 - 等待二维码扫描及授权
[2017-01-25 02:30:21] [INFO] 登录 Step2 - 等待二维码扫描及授权
[2017-01-25 02:30:24] [INFO] 登录 Step2 - 等待二维码扫描及授权
[2017-01-25 02:30:27] [INFO] 登录 Step2 - 等待二维码扫描及授权
[2017-01-25 02:30:30] [INFO] 登录 Step2 - 等待二维码扫描及授权
[2017-01-25 02:30:34] [INFO] 登录 Step2 - 等待二维码扫描及授权
[2017-01-25 02:30:37] [INFO] 已获授权
[2017-01-25 02:30:37] [INFO] 登录 Step3 - 获取ptwebqq
[2017-01-25 02:30:37] [INFO] 登录 Step4 - 获取vfwebqq
[2017-01-25 02:30:38] [INFO] 登录 Step5 - 获取uin和psessionid
[2017-01-25 02:30:38] [INFO] 登录 Step6 - 获取好友列表
[2017-01-25 02:30:38] [INFO] 好友: master, qq=2569375308, uin=706649215
[2017-01-25 02:30:38] [INFO] 获取朋友列表成功，共 1 个朋友
[2017-01-25 02:30:38] [INFO] 登录 Step7 - 获取群列表
[2017-01-25 02:30:38] [INFO] ============================================================
[2017-01-25 02:30:38] [INFO] 获取群列表成功，共 3 个群
[2017-01-25 02:30:38] [INFO] 登录 Step8 - 获取讨论组列表
[2017-01-25 02:30:38] [INFO] ============================================================
[2017-01-25 02:30:38] [INFO] 获取讨论组列表成功，共 0 个讨论组
[2017-01-25 02:30:38] [INFO] 登录成功。登录账号：alter_vision(3164531174)
[2017-01-25 02:30:38] [INFO] 登录信息及联系人已保存至文件：file:///home/nagizero/.qqbot-tmp/v2.0.4-3164531174.pickle
[pid: 24198|app: 0|req: 2/2] 112.101.115.27 () {34 vars in 644 bytes} [Wed Jan 25 02:30:44 2017] GET /alter_vision/send => generated 8 bytes in 0 msecs (HTTP/1.1 200) 2 headers in 88 bytes (1 switches on core 0)
[pid: 24198|app: 0|req: 3/3] 112.101.115.27 () {34 vars in 644 bytes} [Wed Jan 25 02:30:46 2017] GET /alter_vision/send => generated 8 bytes in 0 msecs (HTTP/1.1 200) 2 headers in 88 bytes (1 switches on core 0)
[pid: 24198|app: 0|req: 4/4] 112.101.115.27 () {34 vars in 644 bytes} [Wed Jan 25 02:30:49 2017] GET /alter_vision/send => generated 8 bytes in 0 msecs (HTTP/1.1 200) 2 headers in 88 bytes (1 switches on core 0)
[2017-01-25 02:30:51] [INFO] 向 好友"master" 发消息成功
[2017-01-25 02:30:52] [INFO] 向 好友"master" 发消息成功
[2017-01-25 02:30:53] [INFO] 向 好友"master" 发消息成功
[pid: 24198|app: 0|req: 5/5] 112.101.115.27 () {34 vars in 644 bytes} [Wed Jan 25 02:30:55 2017] GET /alter_vision/send => generated 8 bytes in 0 msecs (HTTP/1.1 200) 2 headers in 88 bytes (1 switches on core 0)
[pid: 24198|app: 0|req: 6/6] 112.101.115.27 () {34 vars in 645 bytes} [Wed Jan 25 02:31:01 2017] GET /alter_vision/send => generated 8 bytes in 0 msecs (HTTP/1.1 200) 2 headers in 88 bytes (1 switches on core 0)
[2017-01-25 02:31:02] [INFO] 向 好友"master" 发消息成功
[2017-01-25 02:31:03] [INFO] 向 好友"master" 发消息成功
